<?xml version="1.0" encoding="UTF-8"?>
<testsuite name="org.apache.http.impl.execchain.TestMainClientExec" time="0.897" tests="26" errors="0" skipped="0" failures="0">
  <properties>
    <property name="java.runtime.name" value="OpenJDK Runtime Environment"/>
    <property name="sun.boot.library.path" value="/usr/lib/jvm/java-7-openjdk-amd64/jre/lib/amd64"/>
    <property name="java.vm.version" value="24.65-b04"/>
    <property name="java.vm.vendor" value="Oracle Corporation"/>
    <property name="java.vendor.url" value="http://java.oracle.com/"/>
    <property name="path.separator" value=":"/>
    <property name="guice.disable.misplaced.annotation.check" value="true"/>
    <property name="java.vm.name" value="OpenJDK 64-Bit Server VM"/>
    <property name="file.encoding.pkg" value="sun.io"/>
    <property name="user.country" value="US"/>
    <property name="sun.java.launcher" value="SUN_STANDARD"/>
    <property name="sun.os.patch.level" value="unknown"/>
    <property name="java.vm.specification.name" value="Java Virtual Machine Specification"/>
    <property name="user.dir" value="/home/dillon/workspace/CouponAdder/lib/htmlunit/src/htmlunit-2.15/httpcomponents-client-4.3.3/httpclient"/>
    <property name="java.runtime.version" value="1.7.0_65-b32"/>
    <property name="java.awt.graphicsenv" value="sun.awt.X11GraphicsEnvironment"/>
    <property name="java.endorsed.dirs" value="/usr/lib/jvm/java-7-openjdk-amd64/jre/lib/endorsed"/>
    <property name="os.arch" value="amd64"/>
    <property name="java.io.tmpdir" value="/tmp"/>
    <property name="line.separator" value="&#10;"/>
    <property name="java.vm.specification.vendor" value="Oracle Corporation"/>
    <property name="os.name" value="Linux"/>
    <property name="classworlds.conf" value="/usr/share/maven/bin/m2.conf"/>
    <property name="sun.jnu.encoding" value="UTF-8"/>
    <property name="java.library.path" value="/usr/java/packages/lib/amd64:/usr/lib/x86_64-linux-gnu/jni:/lib/x86_64-linux-gnu:/usr/lib/x86_64-linux-gnu:/usr/lib/jni:/lib:/usr/lib"/>
    <property name="java.specification.name" value="Java Platform API Specification"/>
    <property name="java.class.version" value="51.0"/>
    <property name="sun.management.compiler" value="HotSpot 64-Bit Tiered Compilers"/>
    <property name="os.version" value="3.13.0-39-generic"/>
    <property name="user.home" value="/home/dillon"/>
    <property name="user.timezone" value="America/Phoenix"/>
    <property name="java.awt.printerjob" value="sun.print.PSPrinterJob"/>
    <property name="file.encoding" value="UTF-8"/>
    <property name="java.specification.version" value="1.7"/>
    <property name="user.name" value="dillon"/>
    <property name="java.class.path" value="/usr/share/maven/boot/plexus-classworlds-2.x.jar"/>
    <property name="java.vm.specification.version" value="1.7"/>
    <property name="sun.arch.data.model" value="64"/>
    <property name="java.home" value="/usr/lib/jvm/java-7-openjdk-amd64/jre"/>
    <property name="sun.java.command" value="org.codehaus.plexus.classworlds.launcher.Launcher install"/>
    <property name="java.specification.vendor" value="Oracle Corporation"/>
    <property name="user.language" value="en"/>
    <property name="awt.toolkit" value="sun.awt.X11.XToolkit"/>
    <property name="java.vm.info" value="mixed mode"/>
    <property name="java.version" value="1.7.0_65"/>
    <property name="java.ext.dirs" value="/usr/lib/jvm/java-7-openjdk-amd64/jre/lib/ext:/usr/java/packages/lib/ext"/>
    <property name="securerandom.source" value="file:/dev/./urandom"/>
    <property name="sun.boot.class.path" value="/usr/lib/jvm/java-7-openjdk-amd64/jre/lib/resources.jar:/usr/lib/jvm/java-7-openjdk-amd64/jre/lib/rt.jar:/usr/lib/jvm/java-7-openjdk-amd64/jre/lib/sunrsasign.jar:/usr/lib/jvm/java-7-openjdk-amd64/jre/lib/jsse.jar:/usr/lib/jvm/java-7-openjdk-amd64/jre/lib/jce.jar:/usr/lib/jvm/java-7-openjdk-amd64/jre/lib/charsets.jar:/usr/lib/jvm/java-7-openjdk-amd64/jre/lib/rhino.jar:/usr/lib/jvm/java-7-openjdk-amd64/jre/lib/jfr.jar:/usr/lib/jvm/java-7-openjdk-amd64/jre/classes"/>
    <property name="java.vendor" value="Oracle Corporation"/>
    <property name="maven.home" value="/usr/share/maven"/>
    <property name="file.separator" value="/"/>
    <property name="java.vendor.url.bug" value="http://bugreport.sun.com/bugreport/"/>
    <property name="sun.cpu.endian" value="little"/>
    <property name="sun.io.unicode.encoding" value="UnicodeLittle"/>
    <property name="sun.cpu.isalist" value=""/>
  </properties>
  <testcase name="testExecRequestNonPersistentConnection" classname="org.apache.http.impl.execchain.TestMainClientExec" time="0.421"/>
  <testcase name="testExecRequestPersistentConnection" classname="org.apache.http.impl.execchain.TestMainClientExec" time="0.023"/>
  <testcase name="testExecRequestPersistentStatefulConnection" classname="org.apache.http.impl.execchain.TestMainClientExec" time="0.026"/>
  <testcase name="testExecRequestConnectionRelease" classname="org.apache.http.impl.execchain.TestMainClientExec" time="0.034"/>
  <testcase name="testExecRequestStaleConnectionCheck" classname="org.apache.http.impl.execchain.TestMainClientExec" time="0.018"/>
  <testcase name="testSocketTimeoutExistingConnection" classname="org.apache.http.impl.execchain.TestMainClientExec" time="0.015"/>
  <testcase name="testSocketTimeoutReset" classname="org.apache.http.impl.execchain.TestMainClientExec" time="0.023"/>
  <testcase name="testExecAbortedPriorToConnectionLease" classname="org.apache.http.impl.execchain.TestMainClientExec" time="0.02"/>
  <testcase name="testExecAbortedPriorToConnectionSetup" classname="org.apache.http.impl.execchain.TestMainClientExec" time="0.016"/>
  <testcase name="testExecAbortedPriorToRequestExecution" classname="org.apache.http.impl.execchain.TestMainClientExec" time="0.02"/>
  <testcase name="testExecConnectionRequestFailed" classname="org.apache.http.impl.execchain.TestMainClientExec" time="0.015"/>
  <testcase name="testExecRequestRetryOnAuthChallenge" classname="org.apache.http.impl.execchain.TestMainClientExec" time="0.074"/>
  <testcase name="testExecEntityEnclosingRequestRetryOnAuthChallenge" classname="org.apache.http.impl.execchain.TestMainClientExec" time="0.027"/>
  <testcase name="testExecEntityEnclosingRequest" classname="org.apache.http.impl.execchain.TestMainClientExec" time="0.021"/>
  <testcase name="testExecConnectionShutDown" classname="org.apache.http.impl.execchain.TestMainClientExec" time="0.011"/>
  <testcase name="testExecRuntimeException" classname="org.apache.http.impl.execchain.TestMainClientExec" time="0.012"/>
  <testcase name="testExecHttpException" classname="org.apache.http.impl.execchain.TestMainClientExec" time="0.011"/>
  <testcase name="testExecIOException" classname="org.apache.http.impl.execchain.TestMainClientExec" time="0.012"/>
  <testcase name="testEstablishDirectRoute" classname="org.apache.http.impl.execchain.TestMainClientExec" time="0.01"/>
  <testcase name="testEstablishRouteDirectProxy" classname="org.apache.http.impl.execchain.TestMainClientExec" time="0.009"/>
  <testcase name="testEstablishRouteViaProxyTunnel" classname="org.apache.http.impl.execchain.TestMainClientExec" time="0.012"/>
  <testcase name="testEstablishRouteViaProxyTunnelUnexpectedResponse" classname="org.apache.http.impl.execchain.TestMainClientExec" time="0.011"/>
  <testcase name="testEstablishRouteViaProxyTunnelFailure" classname="org.apache.http.impl.execchain.TestMainClientExec" time="0.015"/>
  <testcase name="testEstablishRouteViaProxyTunnelRetryOnAuthChallengePersistentConnection" classname="org.apache.http.impl.execchain.TestMainClientExec" time="0.022"/>
  <testcase name="testEstablishRouteViaProxyTunnelRetryOnAuthChallengeNonPersistentConnection" classname="org.apache.http.impl.execchain.TestMainClientExec" time="0.012"/>
  <testcase name="testEstablishRouteViaProxyTunnelMultipleHops" classname="org.apache.http.impl.execchain.TestMainClientExec" time="0.007"/>
</testsuite>