<?xml version="1.0" encoding="UTF-8"?>
<testsuite name="org.apache.http.impl.auth.TestDigestScheme" time="0.075" tests="23" errors="0" skipped="0" failures="0">
  <properties>
    <property name="java.runtime.name" value="OpenJDK Runtime Environment"/>
    <property name="sun.boot.library.path" value="/usr/lib/jvm/java-7-openjdk-amd64/jre/lib/amd64"/>
    <property name="java.vm.version" value="24.65-b04"/>
    <property name="java.vm.vendor" value="Oracle Corporation"/>
    <property name="java.vendor.url" value="http://java.oracle.com/"/>
    <property name="path.separator" value=":"/>
    <property name="guice.disable.misplaced.annotation.check" value="true"/>
    <property name="java.vm.name" value="OpenJDK 64-Bit Server VM"/>
    <property name="file.encoding.pkg" value="sun.io"/>
    <property name="user.country" value="US"/>
    <property name="sun.java.launcher" value="SUN_STANDARD"/>
    <property name="sun.os.patch.level" value="unknown"/>
    <property name="java.vm.specification.name" value="Java Virtual Machine Specification"/>
    <property name="user.dir" value="/home/dillon/workspace/CouponAdder/lib/htmlunit/src/htmlunit-2.15/httpcomponents-client-4.3.3/httpclient"/>
    <property name="java.runtime.version" value="1.7.0_65-b32"/>
    <property name="java.awt.graphicsenv" value="sun.awt.X11GraphicsEnvironment"/>
    <property name="java.endorsed.dirs" value="/usr/lib/jvm/java-7-openjdk-amd64/jre/lib/endorsed"/>
    <property name="os.arch" value="amd64"/>
    <property name="java.io.tmpdir" value="/tmp"/>
    <property name="line.separator" value="&#10;"/>
    <property name="java.vm.specification.vendor" value="Oracle Corporation"/>
    <property name="os.name" value="Linux"/>
    <property name="classworlds.conf" value="/usr/share/maven/bin/m2.conf"/>
    <property name="sun.jnu.encoding" value="UTF-8"/>
    <property name="java.library.path" value="/usr/java/packages/lib/amd64:/usr/lib/x86_64-linux-gnu/jni:/lib/x86_64-linux-gnu:/usr/lib/x86_64-linux-gnu:/usr/lib/jni:/lib:/usr/lib"/>
    <property name="java.specification.name" value="Java Platform API Specification"/>
    <property name="java.class.version" value="51.0"/>
    <property name="sun.management.compiler" value="HotSpot 64-Bit Tiered Compilers"/>
    <property name="os.version" value="3.13.0-39-generic"/>
    <property name="user.home" value="/home/dillon"/>
    <property name="user.timezone" value="America/Phoenix"/>
    <property name="java.awt.printerjob" value="sun.print.PSPrinterJob"/>
    <property name="file.encoding" value="UTF-8"/>
    <property name="java.specification.version" value="1.7"/>
    <property name="user.name" value="dillon"/>
    <property name="java.class.path" value="/usr/share/maven/boot/plexus-classworlds-2.x.jar"/>
    <property name="java.vm.specification.version" value="1.7"/>
    <property name="sun.arch.data.model" value="64"/>
    <property name="java.home" value="/usr/lib/jvm/java-7-openjdk-amd64/jre"/>
    <property name="sun.java.command" value="org.codehaus.plexus.classworlds.launcher.Launcher install"/>
    <property name="java.specification.vendor" value="Oracle Corporation"/>
    <property name="user.language" value="en"/>
    <property name="awt.toolkit" value="sun.awt.X11.XToolkit"/>
    <property name="java.vm.info" value="mixed mode"/>
    <property name="java.version" value="1.7.0_65"/>
    <property name="java.ext.dirs" value="/usr/lib/jvm/java-7-openjdk-amd64/jre/lib/ext:/usr/java/packages/lib/ext"/>
    <property name="securerandom.source" value="file:/dev/./urandom"/>
    <property name="sun.boot.class.path" value="/usr/lib/jvm/java-7-openjdk-amd64/jre/lib/resources.jar:/usr/lib/jvm/java-7-openjdk-amd64/jre/lib/rt.jar:/usr/lib/jvm/java-7-openjdk-amd64/jre/lib/sunrsasign.jar:/usr/lib/jvm/java-7-openjdk-amd64/jre/lib/jsse.jar:/usr/lib/jvm/java-7-openjdk-amd64/jre/lib/jce.jar:/usr/lib/jvm/java-7-openjdk-amd64/jre/lib/charsets.jar:/usr/lib/jvm/java-7-openjdk-amd64/jre/lib/rhino.jar:/usr/lib/jvm/java-7-openjdk-amd64/jre/lib/jfr.jar:/usr/lib/jvm/java-7-openjdk-amd64/jre/classes"/>
    <property name="java.vendor" value="Oracle Corporation"/>
    <property name="maven.home" value="/usr/share/maven"/>
    <property name="file.separator" value="/"/>
    <property name="java.vendor.url.bug" value="http://bugreport.sun.com/bugreport/"/>
    <property name="sun.cpu.endian" value="little"/>
    <property name="sun.io.unicode.encoding" value="UnicodeLittle"/>
    <property name="sun.cpu.isalist" value=""/>
  </properties>
  <testcase name="testDigestMD5SessA1AndCnonceConsistency" classname="org.apache.http.impl.auth.TestDigestScheme" time="0.007"/>
  <testcase name="testDigestAuthenticationQopAuthInt" classname="org.apache.http.impl.auth.TestDigestScheme" time="0.002"/>
  <testcase name="testDigestAuthenticationQopAuthIntNullEntity" classname="org.apache.http.impl.auth.TestDigestScheme" time="0.002"/>
  <testcase name="testDigestAuthenticationQopAuthOrAuthIntNonRepeatableEntity" classname="org.apache.http.impl.auth.TestDigestScheme" time="0.001"/>
  <testcase name="testDigestAuthenticationQopIntOnlyNonRepeatableEntity" classname="org.apache.http.impl.auth.TestDigestScheme" time="0.001"/>
  <testcase name="testDigestAuthenticationEmptyChallenge1" classname="org.apache.http.impl.auth.TestDigestScheme" time="0.001"/>
  <testcase name="testDigestAuthenticationEmptyChallenge2" classname="org.apache.http.impl.auth.TestDigestScheme" time="0"/>
  <testcase name="testDigestAuthenticationWithDefaultCreds" classname="org.apache.http.impl.auth.TestDigestScheme" time="0.004"/>
  <testcase name="testDigestAuthentication" classname="org.apache.http.impl.auth.TestDigestScheme" time="0.004"/>
  <testcase name="testDigestAuthenticationInvalidInput" classname="org.apache.http.impl.auth.TestDigestScheme" time="0"/>
  <testcase name="testDigestAuthenticationOverrideParameter" classname="org.apache.http.impl.auth.TestDigestScheme" time="0.001"/>
  <testcase name="testDigestAuthenticationWithSHA" classname="org.apache.http.impl.auth.TestDigestScheme" time="0.001"/>
  <testcase name="testDigestAuthenticationWithQueryStringInDigestURI" classname="org.apache.http.impl.auth.TestDigestScheme" time="0.001"/>
  <testcase name="testDigestAuthenticationWithMultipleRealms" classname="org.apache.http.impl.auth.TestDigestScheme" time="0.001"/>
  <testcase name="testDigestAuthenticationNoRealm" classname="org.apache.http.impl.auth.TestDigestScheme" time="0"/>
  <testcase name="testDigestAuthenticationNoNonce" classname="org.apache.http.impl.auth.TestDigestScheme" time="0"/>
  <testcase name="testDigestAuthenticationMD5Sess" classname="org.apache.http.impl.auth.TestDigestScheme" time="0.002"/>
  <testcase name="testDigestAuthenticationMD5SessNoQop" classname="org.apache.http.impl.auth.TestDigestScheme" time="0.001"/>
  <testcase name="testDigestAuthenticationMD5SessUnknownQop" classname="org.apache.http.impl.auth.TestDigestScheme" time="0.001"/>
  <testcase name="testDigestAuthenticationUnknownAlgo" classname="org.apache.http.impl.auth.TestDigestScheme" time="0.042"/>
  <testcase name="testDigestAuthenticationWithStaleNonce" classname="org.apache.http.impl.auth.TestDigestScheme" time="0"/>
  <testcase name="testDigestNouceCount" classname="org.apache.http.impl.auth.TestDigestScheme" time="0.002"/>
  <testcase name="testHttpEntityDigest" classname="org.apache.http.impl.auth.TestDigestScheme" time="0.001"/>
</testsuite>